<?xml version="1.0" encoding="UTF-8"?>
<!-- Generated by org.testng.reporters.JUnitXMLReporter -->
<testsuite ignored="5" hostname="zervvo8" failures="0" tests="1" name="Default test" time="48.874" errors="0" timestamp="2025-07-08T10:53:07 IST">
  <testcase classname="com.openmrs.tests.LoginTest" name="TC_03_Upload_Attachment_and_Verify_Patient_Documents" time="47.169"/>
  <testcase classname="com.openmrs.tests.LoginTest" name="TC_02_verify_the_New_Register_Patient" time="0.0">
    <ignored/>
  </testcase> <!-- TC_02_verify_the_New_Register_Patient -->
  <testcase classname="com.openmrs.tests.LoginTest" name="TC_04_Upload_Capture_Vitals_and_Verify_Patient_Height_Weights" time="0.0">
    <ignored/>
  </testcase> <!-- TC_04_Upload_Capture_Vitals_and_Verify_Patient_Height_Weights -->
  <testcase classname="com.openmrs.tests.LoginTest" name="TC_06_Verify_Complete_Removal_Of_Deleted_Patient_Data" time="0.0">
    <ignored/>
  </testcase> <!-- TC_06_Verify_Complete_Removal_Of_Deleted_Patient_Data -->
  <testcase classname="com.openmrs.tests.LoginTest" name="TC_01_verify_the_Login" time="0.0">
    <ignored/>
  </testcase> <!-- TC_01_verify_the_Login -->
  <testcase classname="com.openmrs.tests.LoginTest" name="TC_05_Merge_Visits_Add_Past_Visit_Verify_DatePicker_Disables_Future_Dates" time="0.0">
    <ignored/>
  </testcase> <!-- TC_05_Merge_Visits_Add_Past_Visit_Verify_DatePicker_Disables_Future_Dates -->
</testsuite> <!-- Default test -->
