<?xml version="1.0" encoding="UTF-8"?>
<!-- Generated by org.testng.reporters.JUnitXMLReporter -->
<testsuite ignored="0" hostname="zervvo8" failures="0" tests="6" name="Regression Tests execution over Firefox Browser" time="144.958" errors="0" timestamp="2025-07-08T11:10:58 IST">
  <testcase classname="com.openmrs.tests.LoginTest" name="TC_01_verify_the_Login" time="6.436"/>
  <testcase classname="com.openmrs.tests.LoginTest" name="TC_02_verify_the_New_Register_Patient" time="18.538"/>
  <testcase classname="com.openmrs.tests.LoginTest" name="TC_03_Upload_Attachment_and_Verify_Patient_Documents" time="35.586"/>
  <testcase classname="com.openmrs.tests.LoginTest" name="TC_04_Upload_Capture_Vitals_and_Verify_Patient_Height_Weights" time="32.225"/>
  <testcase classname="com.openmrs.tests.LoginTest" name="TC_05_Merge_Visits_Add_Past_Visit_Verify_DatePicker_Disables_Future_Dates" time="24.203"/>
  <testcase classname="com.openmrs.tests.LoginTest" name="TC_06_Verify_Complete_Removal_Of_Deleted_Patient_Data" time="18.462"/>
</testsuite> <!-- Regression Tests execution over Firefox Browser -->
