<?xml version="1.0" encoding="UTF-8"?>
<testng-results ignored="0" total="6" passed="6" failed="0" skipped="0">
  <reporter-output>
  </reporter-output>
  <suite started-at="2025-07-08T11:08:33 IST" name="Automation Test Suite" finished-at="2025-07-08T11:10:58 IST" duration-ms="144958">
    <groups>
    </groups>
    <test started-at="2025-07-08T11:08:33 IST" name="Regression Tests execution over Firefox Browser" finished-at="2025-07-08T11:10:58 IST" duration-ms="144958">
      <class name="com.openmrs.tests.LoginTest">
        <test-method is-config="true" signature="startDriver(java.lang.String,java.lang.reflect.Method)[pri:0, instance:com.openmrs.tests.LoginTest@7ef27d7f]" started-at="2025-07-08T11:08:33 IST" name="startDriver" finished-at="2025-07-08T11:08:34 IST" duration-ms="1232" status="PASS">
          <params>
            <param index="0">
              <value>
                <![CDATA[CHROME]]>
              </value>
            </param>
            <param index="1">
              <value>
                <![CDATA[public void com.openmrs.tests.LoginTest.TC_01_verify_the_Login() throws java.lang.InterruptedException,java.io.IOException]]>
              </value>
            </param>
          </params>
          <reporter-output>
          </reporter-output>
        </test-method> <!-- startDriver -->
        <test-method signature="TC_01_verify_the_Login()[pri:0, instance:com.openmrs.tests.LoginTest@7ef27d7f]" started-at="2025-07-08T11:08:34 IST" name="TC_01_verify_the_Login" finished-at="2025-07-08T11:08:41 IST" duration-ms="6436" status="PASS">
          <reporter-output>
          </reporter-output>
        </test-method> <!-- TC_01_verify_the_Login -->
        <test-method is-config="true" signature="quitDriver(java.lang.String,org.testng.ITestResult)[pri:0, instance:com.openmrs.tests.LoginTest@7ef27d7f]" started-at="2025-07-08T11:08:41 IST" name="quitDriver" finished-at="2025-07-08T11:08:41 IST" duration-ms="144" status="PASS">
          <params>
            <param index="0">
              <value is-null="true"/>
            </param>
            <param index="1">
              <value>
                <![CDATA[[TestResult name=TC_01_verify_the_Login status=SUCCESS method=LoginTest.TC_01_verify_the_Login()[pri:0, instance:com.openmrs.tests.LoginTest@7ef27d7f] output={null}]]]>
              </value>
            </param>
          </params>
          <reporter-output>
          </reporter-output>
        </test-method> <!-- quitDriver -->
        <test-method is-config="true" signature="startDriver(java.lang.String,java.lang.reflect.Method)[pri:0, instance:com.openmrs.tests.LoginTest@7ef27d7f]" started-at="2025-07-08T11:08:41 IST" name="startDriver" finished-at="2025-07-08T11:08:42 IST" duration-ms="930" status="PASS">
          <params>
            <param index="0">
              <value>
                <![CDATA[CHROME]]>
              </value>
            </param>
            <param index="1">
              <value>
                <![CDATA[public void com.openmrs.tests.LoginTest.TC_02_verify_the_New_Register_Patient() throws java.lang.InterruptedException,java.io.IOException]]>
              </value>
            </param>
          </params>
          <reporter-output>
          </reporter-output>
        </test-method> <!-- startDriver -->
        <test-method signature="TC_02_verify_the_New_Register_Patient()[pri:0, instance:com.openmrs.tests.LoginTest@7ef27d7f]" started-at="2025-07-08T11:08:42 IST" name="TC_02_verify_the_New_Register_Patient" finished-at="2025-07-08T11:09:00 IST" duration-ms="18538" status="PASS">
          <reporter-output>
          </reporter-output>
        </test-method> <!-- TC_02_verify_the_New_Register_Patient -->
        <test-method is-config="true" signature="quitDriver(java.lang.String,org.testng.ITestResult)[pri:0, instance:com.openmrs.tests.LoginTest@7ef27d7f]" started-at="2025-07-08T11:09:00 IST" name="quitDriver" finished-at="2025-07-08T11:09:01 IST" duration-ms="218" status="PASS">
          <params>
            <param index="0">
              <value is-null="true"/>
            </param>
            <param index="1">
              <value>
                <![CDATA[[TestResult name=TC_02_verify_the_New_Register_Patient status=SUCCESS method=LoginTest.TC_02_verify_the_New_Register_Patient()[pri:0, instance:com.openmrs.tests.LoginTest@7ef27d7f] output={null}]]]>
              </value>
            </param>
          </params>
          <reporter-output>
          </reporter-output>
        </test-method> <!-- quitDriver -->
        <test-method is-config="true" signature="startDriver(java.lang.String,java.lang.reflect.Method)[pri:0, instance:com.openmrs.tests.LoginTest@7ef27d7f]" started-at="2025-07-08T11:09:01 IST" name="startDriver" finished-at="2025-07-08T11:09:02 IST" duration-ms="1165" status="PASS">
          <params>
            <param index="0">
              <value>
                <![CDATA[CHROME]]>
              </value>
            </param>
            <param index="1">
              <value>
                <![CDATA[public void com.openmrs.tests.LoginTest.TC_03_Upload_Attachment_and_Verify_Patient_Documents() throws java.lang.InterruptedException,java.io.IOException,java.awt.AWTException]]>
              </value>
            </param>
          </params>
          <reporter-output>
          </reporter-output>
        </test-method> <!-- startDriver -->
        <test-method signature="TC_03_Upload_Attachment_and_Verify_Patient_Documents()[pri:0, instance:com.openmrs.tests.LoginTest@7ef27d7f]" started-at="2025-07-08T11:09:02 IST" name="TC_03_Upload_Attachment_and_Verify_Patient_Documents" finished-at="2025-07-08T11:09:37 IST" duration-ms="35586" status="PASS">
          <reporter-output>
          </reporter-output>
        </test-method> <!-- TC_03_Upload_Attachment_and_Verify_Patient_Documents -->
        <test-method is-config="true" signature="quitDriver(java.lang.String,org.testng.ITestResult)[pri:0, instance:com.openmrs.tests.LoginTest@7ef27d7f]" started-at="2025-07-08T11:09:38 IST" name="quitDriver" finished-at="2025-07-08T11:09:39 IST" duration-ms="1128" status="PASS">
          <params>
            <param index="0">
              <value is-null="true"/>
            </param>
            <param index="1">
              <value>
                <![CDATA[[TestResult name=TC_03_Upload_Attachment_and_Verify_Patient_Documents status=SUCCESS method=LoginTest.TC_03_Upload_Attachment_and_Verify_Patient_Documents()[pri:0, instance:com.openmrs.tests.LoginTest@7ef27d7f] output={null}]]]>
              </value>
            </param>
          </params>
          <reporter-output>
          </reporter-output>
        </test-method> <!-- quitDriver -->
        <test-method is-config="true" signature="startDriver(java.lang.String,java.lang.reflect.Method)[pri:0, instance:com.openmrs.tests.LoginTest@7ef27d7f]" started-at="2025-07-08T11:09:39 IST" name="startDriver" finished-at="2025-07-08T11:09:41 IST" duration-ms="1690" status="PASS">
          <params>
            <param index="0">
              <value>
                <![CDATA[CHROME]]>
              </value>
            </param>
            <param index="1">
              <value>
                <![CDATA[public void com.openmrs.tests.LoginTest.TC_04_Upload_Capture_Vitals_and_Verify_Patient_Height_Weights() throws java.lang.InterruptedException,java.io.IOException,java.awt.AWTException]]>
              </value>
            </param>
          </params>
          <reporter-output>
          </reporter-output>
        </test-method> <!-- startDriver -->
        <test-method signature="TC_04_Upload_Capture_Vitals_and_Verify_Patient_Height_Weights()[pri:0, instance:com.openmrs.tests.LoginTest@7ef27d7f]" started-at="2025-07-08T11:09:41 IST" name="TC_04_Upload_Capture_Vitals_and_Verify_Patient_Height_Weights" finished-at="2025-07-08T11:10:13 IST" duration-ms="32225" status="PASS">
          <reporter-output>
          </reporter-output>
        </test-method> <!-- TC_04_Upload_Capture_Vitals_and_Verify_Patient_Height_Weights -->
        <test-method is-config="true" signature="quitDriver(java.lang.String,org.testng.ITestResult)[pri:0, instance:com.openmrs.tests.LoginTest@7ef27d7f]" started-at="2025-07-08T11:10:13 IST" name="quitDriver" finished-at="2025-07-08T11:10:13 IST" duration-ms="172" status="PASS">
          <params>
            <param index="0">
              <value is-null="true"/>
            </param>
            <param index="1">
              <value>
                <![CDATA[[TestResult name=TC_04_Upload_Capture_Vitals_and_Verify_Patient_Height_Weights status=SUCCESS method=LoginTest.TC_04_Upload_Capture_Vitals_and_Verify_Patient_Height_Weights()[pri:0, instance:com.openmrs.tests.LoginTest@7ef27d7f] output={null}]]]>
              </value>
            </param>
          </params>
          <reporter-output>
          </reporter-output>
        </test-method> <!-- quitDriver -->
        <test-method is-config="true" signature="startDriver(java.lang.String,java.lang.reflect.Method)[pri:0, instance:com.openmrs.tests.LoginTest@7ef27d7f]" started-at="2025-07-08T11:10:13 IST" name="startDriver" finished-at="2025-07-08T11:10:14 IST" duration-ms="975" status="PASS">
          <params>
            <param index="0">
              <value>
                <![CDATA[CHROME]]>
              </value>
            </param>
            <param index="1">
              <value>
                <![CDATA[public void com.openmrs.tests.LoginTest.TC_05_Merge_Visits_Add_Past_Visit_Verify_DatePicker_Disables_Future_Dates() throws java.lang.InterruptedException,java.io.IOException,java.awt.AWTException]]>
              </value>
            </param>
          </params>
          <reporter-output>
          </reporter-output>
        </test-method> <!-- startDriver -->
        <test-method signature="TC_05_Merge_Visits_Add_Past_Visit_Verify_DatePicker_Disables_Future_Dates()[pri:0, instance:com.openmrs.tests.LoginTest@7ef27d7f]" started-at="2025-07-08T11:10:14 IST" name="TC_05_Merge_Visits_Add_Past_Visit_Verify_DatePicker_Disables_Future_Dates" finished-at="2025-07-08T11:10:38 IST" duration-ms="24203" status="PASS">
          <reporter-output>
          </reporter-output>
        </test-method> <!-- TC_05_Merge_Visits_Add_Past_Visit_Verify_DatePicker_Disables_Future_Dates -->
        <test-method is-config="true" signature="quitDriver(java.lang.String,org.testng.ITestResult)[pri:0, instance:com.openmrs.tests.LoginTest@7ef27d7f]" started-at="2025-07-08T11:10:38 IST" name="quitDriver" finished-at="2025-07-08T11:10:38 IST" duration-ms="210" status="PASS">
          <params>
            <param index="0">
              <value is-null="true"/>
            </param>
            <param index="1">
              <value>
                <![CDATA[[TestResult name=TC_05_Merge_Visits_Add_Past_Visit_Verify_DatePicker_Disables_Future_Dates status=SUCCESS method=LoginTest.TC_05_Merge_Visits_Add_Past_Visit_Verify_DatePicker_Disables_Future_Dates()[pri:0, instance:com.openmrs.tests.LoginTest@7ef27d7f] output={null}]]]>
              </value>
            </param>
          </params>
          <reporter-output>
          </reporter-output>
        </test-method> <!-- quitDriver -->
        <test-method is-config="true" signature="startDriver(java.lang.String,java.lang.reflect.Method)[pri:0, instance:com.openmrs.tests.LoginTest@7ef27d7f]" started-at="2025-07-08T11:10:38 IST" name="startDriver" finished-at="2025-07-08T11:10:39 IST" duration-ms="958" status="PASS">
          <params>
            <param index="0">
              <value>
                <![CDATA[CHROME]]>
              </value>
            </param>
            <param index="1">
              <value>
                <![CDATA[public void com.openmrs.tests.LoginTest.TC_06_Verify_Complete_Removal_Of_Deleted_Patient_Data() throws java.lang.InterruptedException,java.io.IOException,java.awt.AWTException]]>
              </value>
            </param>
          </params>
          <reporter-output>
          </reporter-output>
        </test-method> <!-- startDriver -->
        <test-method signature="TC_06_Verify_Complete_Removal_Of_Deleted_Patient_Data()[pri:0, instance:com.openmrs.tests.LoginTest@7ef27d7f]" started-at="2025-07-08T11:10:39 IST" name="TC_06_Verify_Complete_Removal_Of_Deleted_Patient_Data" finished-at="2025-07-08T11:10:58 IST" duration-ms="18462" status="PASS">
          <reporter-output>
          </reporter-output>
        </test-method> <!-- TC_06_Verify_Complete_Removal_Of_Deleted_Patient_Data -->
        <test-method is-config="true" signature="quitDriver(java.lang.String,org.testng.ITestResult)[pri:0, instance:com.openmrs.tests.LoginTest@7ef27d7f]" started-at="2025-07-08T11:10:58 IST" name="quitDriver" finished-at="2025-07-08T11:10:58 IST" duration-ms="255" status="PASS">
          <params>
            <param index="0">
              <value is-null="true"/>
            </param>
            <param index="1">
              <value>
                <![CDATA[[TestResult name=TC_06_Verify_Complete_Removal_Of_Deleted_Patient_Data status=SUCCESS method=LoginTest.TC_06_Verify_Complete_Removal_Of_Deleted_Patient_Data()[pri:0, instance:com.openmrs.tests.LoginTest@7ef27d7f] output={null}]]]>
              </value>
            </param>
          </params>
          <reporter-output>
          </reporter-output>
        </test-method> <!-- quitDriver -->
        <test-method is-config="true" signature="deleteAccount(java.lang.String,org.testng.ITestResult)[pri:0, instance:com.openmrs.tests.LoginTest@7ef27d7f]" started-at="2025-07-08T11:10:58 IST" name="deleteAccount" finished-at="2025-07-08T11:10:58 IST" duration-ms="1" status="FAIL">
          <params>
            <param index="0">
              <value is-null="true"/>
            </param>
            <param index="1">
              <value is-null="true"/>
            </param>
          </params>
          <exception class="java.lang.NullPointerException">
            <message>
              <![CDATA[Cannot invoke "org.openqa.selenium.WebDriver.quit()" because the return value of "com.openmrs.basetest.BaseTest.getDriver()" is null]]>
            </message>
            <full-stacktrace>
              <![CDATA[java.lang.NullPointerException: Cannot invoke "org.openqa.selenium.WebDriver.quit()" because the return value of "com.openmrs.basetest.BaseTest.getDriver()" is null
at com.openmrs.basetest.BaseTest.deleteAccount(BaseTest.java:197)
at java.base/jdk.internal.reflect.DirectMethodHandleAccessor.invoke(DirectMethodHandleAccessor.java:103)
at java.base/java.lang.reflect.Method.invoke(Method.java:580)
at org.testng.internal.invokers.MethodInvocationHelper.invokeMethod(MethodInvocationHelper.java:141)
at org.testng.internal.invokers.MethodInvocationHelper.invokeMethodConsideringTimeout(MethodInvocationHelper.java:71)
at org.testng.internal.invokers.ConfigInvoker.invokeConfigurationMethod(ConfigInvoker.java:400)
at org.testng.internal.invokers.ConfigInvoker.invokeConfigurations(ConfigInvoker.java:333)
at org.testng.SuiteRunner.privateRun(SuiteRunner.java:386)
at org.testng.SuiteRunner.run(SuiteRunner.java:312)
at org.testng.SuiteRunnerWorker.runSuite(SuiteRunnerWorker.java:52)
at org.testng.SuiteRunnerWorker.run(SuiteRunnerWorker.java:95)
at org.testng.TestNG.runSuitesSequentially(TestNG.java:1274)
at org.testng.TestNG.runSuitesLocally(TestNG.java:1208)
at org.testng.TestNG.runSuites(TestNG.java:1112)
at org.testng.TestNG.run(TestNG.java:1079)
at org.testng.remote.AbstractRemoteTestNG.run(AbstractRemoteTestNG.java:115)
at org.testng.remote.RemoteTestNG.initAndRun(RemoteTestNG.java:293)
at org.testng.remote.RemoteTestNG.main(RemoteTestNG.java:91)
]]>
            </full-stacktrace>
          </exception> <!-- java.lang.NullPointerException -->
          <reporter-output>
          </reporter-output>
        </test-method> <!-- deleteAccount -->
      </class> <!-- com.openmrs.tests.LoginTest -->
    </test> <!-- Regression Tests execution over Firefox Browser -->
  </suite> <!-- Automation Test Suite -->
</testng-results>
